<?xml version="1.0" encoding="UTF-8"?>
<testsuite name="booking" tests="1" skipped="0" failures="1" errors="0" timestamp="2022-09-02T21:33:49" hostname="QV-3579" time="27.102">
  <properties/>
  <testcase name="successful booking" classname="booking" time="27.102">
    <failure message="java.lang.AssertionError: &#10;Expected: is &quot;Numero de reserva o apellido invalido, por favor intentelo&quot;&#10;     but: was &quot;Numero de reserva o apellido invalido, por favor intentelo nuevamente&quot;" type="java.lang.AssertionError">java.lang.AssertionError: 
Expected: is &quot;Numero de reserva o apellido invalido, por favor intentelo&quot;
     but: was &quot;Numero de reserva o apellido invalido, por favor intentelo nuevamente&quot;
	at net.serenitybdd.screenplay.ErrorTally.throwSummaryExceptionFrom(ErrorTally.java:36)
	at net.serenitybdd.screenplay.ErrorTally.reportAnyErrors(ErrorTally.java:30)
	at net.serenitybdd.screenplay.Actor.should(Actor.java:301)
	at com.co.avianca.stepsdefinitions.ReservaStepDefinition.successfulQuery(ReservaStepDefinition.java:51)
	at ✽.successful query(src/test/resources/features/reserva.feature:9)
</failure>
  </testcase>
  <system-out><![CDATA[]]></system-out>
  <system-err><![CDATA[sep 02, 2022 4:33:49 PM org.openqa.selenium.remote.DesiredCapabilities chrome
INFORMACIÓN: Using `new ChromeOptions()` is preferred to `DesiredCapabilities.chrome()`
[Test worker] INFO net.serenitybdd.core.webdriver.driverproviders.ProvideNewDriver - Instantiating driver
[Test worker] INFO net.serenitybdd.core.webdriver.driverproviders.ProvideNewDriver - Driver capabilities: Capabilities {acceptInsecureCerts: false, browserName: chrome, chrome.switches: --disable-popup-blocking,--..., goog:chromeOptions: {args: [--disable-popup-blocking, --incognito, --disable-download-notifica..., --start-maximized, --test-type, --ignore-certificate-errors, --allow-running-insecure-co..., --disable-translate, --always-authorize-plugins, --disable-extensions, --disable-dev-shm-usage], extensions: []}, loggingPrefs: org.openqa.selenium.logging..., platform: ANY, version: }
Starting ChromeDriver 103.0.5060.134 (8ec6fce403b3feb0869b0732eda8bd95011d333c-refs/branch-heads/5060@{#1262}) on port 47863
Only local connections are allowed.
Please see https://chromedriver.chromium.org/security-considerations for suggestions on keeping ChromeDriver safe.
ChromeDriver was started successfully.
[1662154433.322][WARNING]: This version of ChromeDriver has not been tested with Chrome version 104.
sep 02, 2022 4:33:54 PM org.openqa.selenium.remote.ProtocolHandshake createSession
INFORMACIÓN: Detected dialect: W3C
[Test worker] ERROR net.thucydides.core.steps.ConsoleLoggingListener - 
           __  _____ _____ ____ _____   _____ _    ___ _     _____ ____  
  _       / / |_   _| ____/ ___|_   _| |  ___/ \  |_ _| |   | ____|  _ \ 
 (_)_____| |    | | |  _| \___ \ | |   | |_ / _ \  | || |   |  _| | | | |
  _|_____| |    | | | |___ ___) || |   |  _/ ___ \ | || |___| |___| |_| |
 (_)     | |    |_| |_____|____/ |_|   |_|/_/   \_\___|_____|_____|____/ 
          \_\                                                            

TEST FAILED: successful booking
--------------------------------------------------------------------------
[Test worker] ERROR net.thucydides.core.steps.ConsoleLoggingListener - TEST FAILED AT STEP Then validation message should be 'Numero de reserva o apellido invalido, por favor intentelo'
[Test worker] ERROR net.thucydides.core.steps.ConsoleLoggingListener - Expected: is "Numero de reserva o apellido invalido, por favor intentelo" but: was "Numero de reserva o apellido invalido, por favor intentelo nuevamente"
]]></system-err>
</testsuite>
